This is XeTeX, Version 3.141592653-2.6-0.999996 (MiKTeX 24.3.31) (preloaded format=xelatex 2024.4.17)  27 MAY 2024 17:12
entering extended mode
 restricted \write18 enabled.
 %&-line parsing enabled.
**./Practicas_de_TGD.tex
(Practicas_de_TGD.tex
LaTeX2e <2023-11-01> patch level 1
L3 programming layer <2024-03-14>
(D:\Users\moviedo\AppData\Local\Programs\MiKTeX\tex/latex/base\book.cls
Document Class: book 2023/05/17 v1.4n Standard LaTeX document class
(D:\Users\moviedo\AppData\Local\Programs\MiKTeX\tex/latex/base\bk10.clo
File: bk10.clo 2023/05/17 v1.4n Standard LaTeX file (size option)
)
\c@part=\count184
\c@chapter=\count185
\c@section=\count186
\c@subsection=\count187
\c@subsubsection=\count188
\c@paragraph=\count189
\c@subparagraph=\count190
\c@figure=\count191
\c@table=\count192
\abovecaptionskip=\skip48
\belowcaptionskip=\skip49
\bibindent=\dimen140
) (D:\Users\moviedo\AppData\Local\Programs\MiKTeX\tex/latex/amsmath\amsmath.sty
Package: amsmath 2023/05/13 v2.17o AMS math features
\@mathmargin=\skip50
For additional information on amsmath, use the `?' option.
(D:\Users\moviedo\AppData\Local\Programs\MiKTeX\tex/latex/amsmath\amstext.sty
Package: amstext 2021/08/26 v2.01 AMS text
(D:\Users\moviedo\AppData\Local\Programs\MiKTeX\tex/latex/amsmath\amsgen.sty
File: amsgen.sty 1999/11/30 v2.0 generic functions
\@emptytoks=\toks17
\ex@=\dimen141
)) (D:\Users\moviedo\AppData\Local\Programs\MiKTeX\tex/latex/amsmath\amsbsy.sty
Package: amsbsy 1999/11/29 v1.2d Bold Symbols
\pmbraise@=\dimen142
) (D:\Users\moviedo\AppData\Local\Programs\MiKTeX\tex/latex/amsmath\amsopn.sty
Package: amsopn 2022/04/08 v2.04 operator names
)
\inf@bad=\count193
LaTeX Info: Redefining \frac on input line 234.
\uproot@=\count194
\leftroot@=\count195
LaTeX Info: Redefining \overline on input line 399.
LaTeX Info: Redefining \colon on input line 410.
\classnum@=\count196
\DOTSCASE@=\count197
LaTeX Info: Redefining \ldots on input line 496.
LaTeX Info: Redefining \dots on input line 499.
LaTeX Info: Redefining \cdots on input line 620.
\Mathstrutbox@=\box51
\strutbox@=\box52
LaTeX Info: Redefining \big on input line 722.
LaTeX Info: Redefining \Big on input line 723.
LaTeX Info: Redefining \bigg on input line 724.
LaTeX Info: Redefining \Bigg on input line 725.
\big@size=\dimen143
LaTeX Font Info:    Redeclaring font encoding OML on input line 743.
LaTeX Font Info:    Redeclaring font encoding OMS on input line 744.
\macc@depth=\count198
LaTeX Info: Redefining \bmod on input line 905.
LaTeX Info: Redefining \pmod on input line 910.
LaTeX Info: Redefining \smash on input line 940.
LaTeX Info: Redefining \relbar on input line 970.
LaTeX Info: Redefining \Relbar on input line 971.
\c@MaxMatrixCols=\count199
\dotsspace@=\muskip16
\c@parentequation=\count266
\dspbrk@lvl=\count267
\tag@help=\toks18
\row@=\count268
\column@=\count269
\maxfields@=\count270
\andhelp@=\toks19
\eqnshift@=\dimen144
\alignsep@=\dimen145
\tagshift@=\dimen146
\tagwidth@=\dimen147
\totwidth@=\dimen148
\lineht@=\dimen149
\@envbody=\toks20
\multlinegap=\skip51
\multlinetaggap=\skip52
\mathdisplay@stack=\toks21
LaTeX Info: Redefining \[ on input line 2953.
LaTeX Info: Redefining \] on input line 2954.
) (D:\Users\moviedo\AppData\Local\Programs\MiKTeX\tex/latex/amsfonts\amssymb.st
y
Package: amssymb 2013/01/14 v3.01 AMS font symbols

(D:\Users\moviedo\AppData\Local\Programs\MiKTeX\tex/latex/amsfonts\amsfonts.sty
Package: amsfonts 2013/01/14 v3.01 Basic AMSFonts support
\symAMSa=\mathgroup4
\symAMSb=\mathgroup5
LaTeX Font Info:    Redeclaring math symbol \hbar on input line 98.
LaTeX Font Info:    Overwriting math alphabet `\mathfrak' in version `bold'
(Font)                  U/euf/m/n --> U/euf/b/n on input line 106.
)) (D:\Users\moviedo\AppData\Local\Programs\MiKTeX\tex/generic/iftex\iftex.sty
Package: iftex 2022/02/03 v1.0f TeX engine tests
)
(D:\Users\moviedo\AppData\Local\Programs\MiKTeX\tex/latex/unicode-math\unicode-
math.sty (D:\Users\moviedo\AppData\Local\Programs\MiKTeX\tex/latex/l3kernel\exp
l3.sty
Package: expl3 2024-03-14 L3 programming layer (loader) 

(D:\Users\moviedo\AppData\Local\Programs\MiKTeX\tex/latex/l3backend\l3backend-x
etex.def
File: l3backend-xetex.def 2024-03-14 L3 backend support: XeTeX
\g__graphics_track_int=\count271
\l__pdf_internal_box=\box53
\g__pdf_backend_object_int=\count272
\g__pdf_backend_annotation_int=\count273
\g__pdf_backend_link_int=\count274
))
Package: unicode-math 2023/08/13 v0.8r Unicode maths in XeLaTeX and LuaLaTeX

(D:\Users\moviedo\AppData\Local\Programs\MiKTeX\tex/latex/unicode-math\unicode-
math-xetex.sty
Package: unicode-math-xetex 2023/08/13 v0.8r Unicode maths in XeLaTeX and LuaLa
TeX

(D:\Users\moviedo\AppData\Local\Programs\MiKTeX\tex/latex/l3packages/xparse\xpa
rse.sty
Package: xparse 2024-03-14 L3 Experimental document command parser
)
(D:\Users\moviedo\AppData\Local\Programs\MiKTeX\tex/latex/l3packages/l3keys2e\l
3keys2e.sty
Package: l3keys2e 2024-03-14 LaTeX2e option processing using LaTeX3 keys
)
(D:\Users\moviedo\AppData\Local\Programs\MiKTeX\tex/latex/fontspec\fontspec.sty
Package: fontspec 2024/02/13 v2.9a Font selection for XeLaTeX and LuaLaTeX

(D:\Users\moviedo\AppData\Local\Programs\MiKTeX\tex/latex/fontspec\fontspec-xet
ex.sty
Package: fontspec-xetex 2024/02/13 v2.9a Font selection for XeLaTeX and LuaLaTe
X
\l__fontspec_script_int=\count275
\l__fontspec_language_int=\count276
\l__fontspec_strnum_int=\count277
\l__fontspec_tmp_int=\count278
\l__fontspec_tmpa_int=\count279
\l__fontspec_tmpb_int=\count280
\l__fontspec_tmpc_int=\count281
\l__fontspec_em_int=\count282
\l__fontspec_emdef_int=\count283
\l__fontspec_strong_int=\count284
\l__fontspec_strongdef_int=\count285
\l__fontspec_tmpa_dim=\dimen150
\l__fontspec_tmpb_dim=\dimen151
\l__fontspec_tmpc_dim=\dimen152
(D:\Users\moviedo\AppData\Local\Programs\MiKTeX\tex/latex/base\fontenc.sty
Package: fontenc 2021/04/29 v2.0v Standard LaTeX package
)
(D:\Users\moviedo\AppData\Local\Programs\MiKTeX\tex/latex/fontspec\fontspec.cfg
))) (D:\Users\moviedo\AppData\Local\Programs\MiKTeX\tex/latex/base\fix-cm.sty
Package: fix-cm 2020/11/24 v1.1t fixes to LaTeX
(D:\Users\moviedo\AppData\Local\Programs\MiKTeX\tex/latex/base\ts1enc.def
File: ts1enc.def 2001/06/05 v3.0e (jk/car/fm) Standard LaTeX file
LaTeX Font Info:    Redeclaring font encoding TS1 on input line 47.
))
\g__um_fam_int=\count286
\g__um_fonts_used_int=\count287
\l__um_primecount_int=\count288
\g__um_primekern_muskip=\muskip17

(D:\Users\moviedo\AppData\Local\Programs\MiKTeX\tex/latex/unicode-math\unicode-
math-table.tex))) (D:\Users\moviedo\AppData\Local\Programs\MiKTeX\tex/latex/lm\
lmodern.sty
Package: lmodern 2015/05/01 v1.6.1 Latin Modern Fonts
LaTeX Font Info:    Overwriting symbol font `operators' in version `normal'
(Font)                  OT1/cmr/m/n --> OT1/lmr/m/n on input line 22.
LaTeX Font Info:    Overwriting symbol font `letters' in version `normal'
(Font)                  OML/cmm/m/it --> OML/lmm/m/it on input line 23.
LaTeX Font Info:    Overwriting symbol font `symbols' in version `normal'
(Font)                  OMS/cmsy/m/n --> OMS/lmsy/m/n on input line 24.
LaTeX Font Info:    Overwriting symbol font `largesymbols' in version `normal'
(Font)                  OMX/cmex/m/n --> OMX/lmex/m/n on input line 25.
LaTeX Font Info:    Overwriting symbol font `operators' in version `bold'
(Font)                  OT1/cmr/bx/n --> OT1/lmr/bx/n on input line 26.
LaTeX Font Info:    Overwriting symbol font `letters' in version `bold'
(Font)                  OML/cmm/b/it --> OML/lmm/b/it on input line 27.
LaTeX Font Info:    Overwriting symbol font `symbols' in version `bold'
(Font)                  OMS/cmsy/b/n --> OMS/lmsy/b/n on input line 28.
LaTeX Font Info:    Overwriting symbol font `largesymbols' in version `bold'
(Font)                  OMX/cmex/m/n --> OMX/lmex/m/n on input line 29.
LaTeX Font Info:    Overwriting math alphabet `\mathbf' in version `normal'
(Font)                  OT1/cmr/bx/n --> OT1/lmr/bx/n on input line 31.
LaTeX Font Info:    Overwriting math alphabet `\mathsf' in version `normal'
(Font)                  OT1/cmss/m/n --> OT1/lmss/m/n on input line 32.
LaTeX Font Info:    Overwriting math alphabet `\mathit' in version `normal'
(Font)                  OT1/cmr/m/it --> OT1/lmr/m/it on input line 33.
LaTeX Font Info:    Overwriting math alphabet `\mathtt' in version `normal'
(Font)                  OT1/cmtt/m/n --> OT1/lmtt/m/n on input line 34.
LaTeX Font Info:    Overwriting math alphabet `\mathbf' in version `bold'
(Font)                  OT1/cmr/bx/n --> OT1/lmr/bx/n on input line 35.
LaTeX Font Info:    Overwriting math alphabet `\mathsf' in version `bold'
(Font)                  OT1/cmss/bx/n --> OT1/lmss/bx/n on input line 36.
LaTeX Font Info:    Overwriting math alphabet `\mathit' in version `bold'
(Font)                  OT1/cmr/bx/it --> OT1/lmr/bx/it on input line 37.
LaTeX Font Info:    Overwriting math alphabet `\mathtt' in version `bold'
(Font)                  OT1/cmtt/m/n --> OT1/lmtt/m/n on input line 38.
) (D:\Users\moviedo\AppData\Local\Programs\MiKTeX\tex/latex/upquote\upquote.sty
Package: upquote 2012/04/19 v1.3 upright-quote and grave-accent glyphs in verba
tim
(D:\Users\moviedo\AppData\Local\Programs\MiKTeX\tex/latex/base\textcomp.sty
Package: textcomp 2020/02/02 v2.0n Standard LaTeX package
))
(D:\Users\moviedo\AppData\Local\Programs\MiKTeX\tex/latex/microtype\microtype.s
ty
Package: microtype 2024/03/29 v3.1b Micro-typographical refinements (RS)
(D:\Users\moviedo\AppData\Local\Programs\MiKTeX\tex/latex/graphics\keyval.sty
Package: keyval 2022/05/29 v1.15 key=value parser (DPC)
\KV@toks@=\toks22
)
(D:\Users\moviedo\AppData\Local\Programs\MiKTeX\tex/latex/etoolbox\etoolbox.sty
Package: etoolbox 2020/10/05 v2.5k e-TeX tools for LaTeX (JAW)
\etb@tempcnta=\count289
)
\MT@toks=\toks23
\MT@tempbox=\box54
\MT@count=\count290
LaTeX Info: Redefining \noprotrusionifhmode on input line 1061.
LaTeX Info: Redefining \leftprotrusion on input line 1062.
\MT@prot@toks=\toks24
LaTeX Info: Redefining \rightprotrusion on input line 1081.
LaTeX Info: Redefining \textls on input line 1392.
\MT@outer@kern=\dimen153
LaTeX Info: Redefining \textmicrotypecontext on input line 2013.
\MT@listname@count=\count291

(D:\Users\moviedo\AppData\Local\Programs\MiKTeX\tex/latex/microtype\microtype-x
etex.def
File: microtype-xetex.def 2024/03/29 v3.1b Definitions specific to xetex (RS)
LaTeX Info: Redefining \lsstyle on input line 238.
)
Package microtype Info: Loading configuration file microtype.cfg.

(D:\Users\moviedo\AppData\Local\Programs\MiKTeX\tex/latex/microtype\microtype.c
fg
File: microtype.cfg 2024/03/29 v3.1b microtype main configuration file (RS)
)) (D:\Users\moviedo\AppData\Local\Programs\MiKTeX\tex/latex/parskip\parskip.st
y
Package: parskip 2021-03-14 v2.0h non-zero parskip adjustments

(D:\Users\moviedo\AppData\Local\Programs\MiKTeX\tex/latex/kvoptions\kvoptions.s
ty
Package: kvoptions 2022-06-15 v3.15 Key value format for package options (HO)

(D:\Users\moviedo\AppData\Local\Programs\MiKTeX\tex/generic/ltxcmds\ltxcmds.sty
Package: ltxcmds 2023-12-04 v1.26 LaTeX kernel commands for general use (HO)
)
(D:\Users\moviedo\AppData\Local\Programs\MiKTeX\tex/latex/kvsetkeys\kvsetkeys.s
ty
Package: kvsetkeys 2022-10-05 v1.19 Key value parser (HO)
))) (D:\Users\moviedo\AppData\Local\Programs\MiKTeX\tex/latex/xcolor\xcolor.sty
Package: xcolor 2023/11/15 v3.01 LaTeX color extensions (UK)

(D:\Users\moviedo\AppData\Local\Programs\MiKTeX\tex/latex/graphics-cfg\color.cf
g
File: color.cfg 2016/01/02 v1.6 sample color configuration
)
Package xcolor Info: Driver file: xetex.def on input line 274.

(D:\Users\moviedo\AppData\Local\Programs\MiKTeX\tex/latex/graphics-def\xetex.de
f
File: xetex.def 2022/09/22 v5.0n Graphics/color driver for xetex
)
(D:\Users\moviedo\AppData\Local\Programs\MiKTeX\tex/latex/graphics\mathcolor.lt
x)
Package xcolor Info: Model `cmy' substituted by `cmy0' on input line 1350.
Package xcolor Info: Model `RGB' extended on input line 1366.
Package xcolor Info: Model `HTML' substituted by `rgb' on input line 1368.
Package xcolor Info: Model `Hsb' substituted by `hsb' on input line 1369.
Package xcolor Info: Model `tHsb' substituted by `hsb' on input line 1370.
Package xcolor Info: Model `HSB' substituted by `hsb' on input line 1371.
Package xcolor Info: Model `Gray' substituted by `gray' on input line 1372.
Package xcolor Info: Model `wave' substituted by `hsb' on input line 1373.
)
(D:\Users\moviedo\AppData\Local\Programs\MiKTeX\tex/latex/fancyvrb\fancyvrb.sty
Package: fancyvrb 2024/01/20 4.5c verbatim text (tvz,hv)
\FV@CodeLineNo=\count292
\FV@InFile=\read2
\FV@TabBox=\box55
\c@FancyVerbLine=\count293
\FV@StepNumber=\count294
\FV@OutFile=\write3
) (D:\Users\moviedo\AppData\Local\Programs\MiKTeX\tex/latex/framed\framed.sty
Package: framed 2011/10/22 v 0.96: framed or shaded text with page breaks
\OuterFrameSep=\skip53
\fb@frw=\dimen154
\fb@frh=\dimen155
\FrameRule=\dimen156
\FrameSep=\dimen157
) (D:\Users\moviedo\AppData\Local\Programs\MiKTeX\tex/latex/tools\longtable.sty
Package: longtable 2023-11-01 v4.19 Multi-page Table package (DPC)
\LTleft=\skip54
\LTright=\skip55
\LTpre=\skip56
\LTpost=\skip57
\LTchunksize=\count295
\LTcapwidth=\dimen158
\LT@head=\box56
\LT@firsthead=\box57
\LT@foot=\box58
\LT@lastfoot=\box59
\LT@gbox=\box60
\LT@cols=\count296
\LT@rows=\count297
\c@LT@tables=\count298
\c@LT@chunks=\count299
\LT@p@ftn=\toks25
)
(D:\Users\moviedo\AppData\Local\Programs\MiKTeX\tex/latex/booktabs\booktabs.sty
Package: booktabs 2020/01/12 v1.61803398 Publication quality tables
\heavyrulewidth=\dimen159
\lightrulewidth=\dimen160
\cmidrulewidth=\dimen161
\belowrulesep=\dimen162
\belowbottomsep=\dimen163
\aboverulesep=\dimen164
\abovetopsep=\dimen165
\cmidrulesep=\dimen166
\cmidrulekern=\dimen167
\defaultaddspace=\dimen168
\@cmidla=\count300
\@cmidlb=\count301
\@aboverulesep=\dimen169
\@belowrulesep=\dimen170
\@thisruleclass=\count302
\@lastruleclass=\count303
\@thisrulewidth=\dimen171
) (D:\Users\moviedo\AppData\Local\Programs\MiKTeX\tex/latex/tools\array.sty
Package: array 2023/10/16 v2.5g Tabular extension package (FMi)
\col@sep=\dimen172
\ar@mcellbox=\box61
\extrarowheight=\dimen173
\NC@list=\toks26
\extratabsurround=\skip58
\backup@length=\skip59
\ar@cellbox=\box62
) (D:\Users\moviedo\AppData\Local\Programs\MiKTeX\tex/latex/tools\calc.sty
Package: calc 2023/07/08 v4.3 Infix arithmetic (KKT,FJ)
\calc@Acount=\count304
\calc@Bcount=\count305
\calc@Adimen=\dimen174
\calc@Bdimen=\dimen175
\calc@Askip=\skip60
\calc@Bskip=\skip61
LaTeX Info: Redefining \setlength on input line 80.
LaTeX Info: Redefining \addtolength on input line 81.
\calc@Ccount=\count306
\calc@Cskip=\skip62
)
(D:\Users\moviedo\AppData\Local\Programs\MiKTeX\tex/latex/footnotehyper\footnot
ehyper.sty
Package: footnotehyper 2021/08/13 v1.1e hyperref aware footnote.sty (JFB)
\FNH@notes=\box63
\FNH@width=\dimen176
\FNH@toks=\toks27
)
(D:\Users\moviedo\AppData\Local\Programs\MiKTeX\tex/latex/graphics\graphicx.sty
Package: graphicx 2021/09/16 v1.2d Enhanced LaTeX Graphics (DPC,SPQR)

(D:\Users\moviedo\AppData\Local\Programs\MiKTeX\tex/latex/graphics\graphics.sty
Package: graphics 2022/03/10 v1.4e Standard LaTeX Graphics (DPC,SPQR)
(D:\Users\moviedo\AppData\Local\Programs\MiKTeX\tex/latex/graphics\trig.sty
Package: trig 2021/08/11 v1.11 sin cos tan (DPC)
)
(D:\Users\moviedo\AppData\Local\Programs\MiKTeX\tex/latex/graphics-cfg\graphics
.cfg
File: graphics.cfg 2016/06/04 v1.11 sample graphics configuration
)
Package graphics Info: Driver file: xetex.def on input line 107.
)
\Gin@req@height=\dimen177
\Gin@req@width=\dimen178
) (D:\Users\moviedo\AppData\Local\Programs\MiKTeX\tex/latex/amscls\amsthm.sty
Package: amsthm 2020/05/29 v2.20.6
\thm@style=\toks28
\thm@bodyfont=\toks29
\thm@headfont=\toks30
\thm@notefont=\toks31
\thm@headpunct=\toks32
\thm@preskip=\skip63
\thm@postskip=\skip64
\thm@headsep=\skip65
\dth@everypar=\toks33
)
(D:\Users\moviedo\AppData\Local\Programs\MiKTeX\tex/latex/polyglossia\polygloss
ia.sty
Package: polyglossia 2024/03/07 v2.1 Modern multilingual typesetting with XeLaT
eX and LuaLaTeX
(D:\Users\moviedo\AppData\Local\Programs\MiKTeX\tex/latex/xkeyval\xkeyval.sty
Package: xkeyval 2022/06/16 v2.9 package option processing (HA)

(D:\Users\moviedo\AppData\Local\Programs\MiKTeX\tex/generic/xkeyval\xkeyval.tex

(D:\Users\moviedo\AppData\Local\Programs\MiKTeX\tex/generic/xkeyval\xkvutils.te
x
\XKV@toks=\toks34
\XKV@tempa@toks=\toks35
)
\XKV@depth=\count307
File: xkeyval.tex 2014/12/03 v2.7a key=value parser (HA)
))
(D:\Users\moviedo\AppData\Local\Programs\MiKTeX\tex/latex/polyglossia\gloss-lat
ex.ldf
File: gloss-latex.ldf polyglossia: module for default language
)
Package polyglossia Info: Default language is latex.
)
(D:\Users\moviedo\AppData\Local\Programs\MiKTeX\tex/latex/polyglossia\gloss-spa
nish.ldf
File: gloss-spanish.ldf polyglossia: module for Spanish
Package polyglossia Info: Option: spanish, variant=spanish.
Package polyglossia Info: Option: Spanish, spanishoperators=none.
)
Package polyglossia Info: Default language is spanish.
(D:\Users\moviedo\AppData\Local\Programs\MiKTeX\tex/latex/natbib\natbib.sty
Package: natbib 2010/09/13 8.31b (PWD, AO)
\bibhang=\skip66
\bibsep=\skip67
LaTeX Info: Redefining \cite on input line 694.
\c@NAT@ctr=\count308
)
(D:\Users\moviedo\AppData\Local\Programs\MiKTeX\tex/latex/bookmark\bookmark.sty
Package: bookmark 2023-12-10 v1.31 PDF bookmarks (HO)

(D:\Users\moviedo\AppData\Local\Programs\MiKTeX\tex/latex/hyperref\hyperref.sty
Package: hyperref 2024-01-20 v7.01h Hypertext links for LaTeX

(D:\Users\moviedo\AppData\Local\Programs\MiKTeX\tex/generic/kvdefinekeys\kvdefi
nekeys.sty
Package: kvdefinekeys 2019-12-19 v1.6 Define keys (HO)
)
(D:\Users\moviedo\AppData\Local\Programs\MiKTeX\tex/generic/pdfescape\pdfescape
.sty
Package: pdfescape 2019/12/09 v1.15 Implements pdfTeX's escape features (HO)

(D:\Users\moviedo\AppData\Local\Programs\MiKTeX\tex/generic/pdftexcmds\pdftexcm
ds.sty
Package: pdftexcmds 2020-06-27 v0.33 Utility functions of pdfTeX for LuaTeX (HO
)

(D:\Users\moviedo\AppData\Local\Programs\MiKTeX\tex/generic/infwarerr\infwarerr
.sty
Package: infwarerr 2019/12/03 v1.5 Providing info/warning/error messages (HO)
)
Package pdftexcmds Info: \pdf@primitive is available.
Package pdftexcmds Info: \pdf@ifprimitive is available.
Package pdftexcmds Info: \pdfdraftmode not found.
)) (D:\Users\moviedo\AppData\Local\Programs\MiKTeX\tex/latex/hycolor\hycolor.st
y
Package: hycolor 2020-01-27 v1.10 Color options for hyperref/bookmark (HO)
) (D:\Users\moviedo\AppData\Local\Programs\MiKTeX\tex/latex/auxhook\auxhook.sty
Package: auxhook 2019-12-17 v1.6 Hooks for auxiliary files (HO)
) (D:\Users\moviedo\AppData\Local\Programs\MiKTeX\tex/latex/hyperref\nameref.st
y
Package: nameref 2023-11-26 v2.56 Cross-referencing by name of section

(D:\Users\moviedo\AppData\Local\Programs\MiKTeX\tex/latex/refcount\refcount.sty
Package: refcount 2019/12/15 v3.6 Data extraction from label references (HO)
)
(D:\Users\moviedo\AppData\Local\Programs\MiKTeX\tex/generic/gettitlestring\gett
itlestring.sty
Package: gettitlestring 2019/12/15 v1.6 Cleanup title references (HO)
)
\c@section@level=\count309
)
\@linkdim=\dimen179
\Hy@linkcounter=\count310
\Hy@pagecounter=\count311
(D:\Users\moviedo\AppData\Local\Programs\MiKTeX\tex/latex/hyperref\pd1enc.def
File: pd1enc.def 2024-01-20 v7.01h Hyperref: PDFDocEncoding definition (HO)
)
(D:\Users\moviedo\AppData\Local\Programs\MiKTeX\tex/generic/intcalc\intcalc.sty
Package: intcalc 2019/12/15 v1.3 Expandable calculations with integers (HO)
)
\Hy@SavedSpaceFactor=\count312
(D:\Users\moviedo\AppData\Local\Programs\MiKTeX\tex/latex/hyperref\puenc.def
File: puenc.def 2024-01-20 v7.01h Hyperref: PDF Unicode definition (HO)
)
Package hyperref Info: Option `unicode' set `true' on input line 4062.
Package hyperref Info: Hyper figures OFF on input line 4179.
Package hyperref Info: Link nesting OFF on input line 4184.
Package hyperref Info: Hyper index ON on input line 4187.
Package hyperref Info: Plain pages OFF on input line 4194.
Package hyperref Info: Backreferencing OFF on input line 4199.
Package hyperref Info: Implicit mode ON; LaTeX internals redefined.
Package hyperref Info: Bookmarks ON on input line 4446.
\c@Hy@tempcnt=\count313
(D:\Users\moviedo\AppData\Local\Programs\MiKTeX\tex/latex/url\url.sty
\Urlmuskip=\muskip18
Package: url 2013/09/16  ver 3.4  Verb mode for urls, etc.
)
LaTeX Info: Redefining \url on input line 4784.
\XeTeXLinkMargin=\dimen180
(D:\Users\moviedo\AppData\Local\Programs\MiKTeX\tex/generic/bitset\bitset.sty
Package: bitset 2019/12/09 v1.3 Handle bit-vector datatype (HO)

(D:\Users\moviedo\AppData\Local\Programs\MiKTeX\tex/generic/bigintcalc\bigintca
lc.sty
Package: bigintcalc 2019/12/15 v1.5 Expandable calculations on big integers (HO
)
))
\Fld@menulength=\count314
\Field@Width=\dimen181
\Fld@charsize=\dimen182
Package hyperref Info: Hyper figures OFF on input line 6063.
Package hyperref Info: Link nesting OFF on input line 6068.
Package hyperref Info: Hyper index ON on input line 6071.
Package hyperref Info: backreferencing OFF on input line 6078.
Package hyperref Info: Link coloring OFF on input line 6083.
Package hyperref Info: Link coloring with OCG OFF on input line 6088.
Package hyperref Info: PDF/A mode OFF on input line 6093.

(D:\Users\moviedo\AppData\Local\Programs\MiKTeX\tex/latex/base\atbegshi-ltx.sty
Package: atbegshi-ltx 2021/01/10 v1.0c Emulation of the original atbegshi
package with kernel methods
)
\Hy@abspage=\count315
\c@Item=\count316
\c@Hfootnote=\count317
)
Package hyperref Info: Driver (autodetected): hxetex.
(D:\Users\moviedo\AppData\Local\Programs\MiKTeX\tex/latex/hyperref\hxetex.def
File: hxetex.def 2024-01-20 v7.01h Hyperref driver for XeTeX

(D:\Users\moviedo\AppData\Local\Programs\MiKTeX\tex/generic/stringenc\stringenc
.sty
Package: stringenc 2019/11/29 v1.12 Convert strings between diff. encodings (HO
)
)
\pdfm@box=\box64
\c@Hy@AnnotLevel=\count318
\HyField@AnnotCount=\count319
\Fld@listcount=\count320
\c@bookmark@seq@number=\count321

(D:\Users\moviedo\AppData\Local\Programs\MiKTeX\tex/latex/rerunfilecheck\rerunf
ilecheck.sty
Package: rerunfilecheck 2022-07-10 v1.10 Rerun checks for auxiliary files (HO)

(D:\Users\moviedo\AppData\Local\Programs\MiKTeX\tex/latex/base\atveryend-ltx.st
y
Package: atveryend-ltx 2020/08/19 v1.0a Emulation of the original atveryend pac
kage
with kernel methods
)
(D:\Users\moviedo\AppData\Local\Programs\MiKTeX\tex/generic/uniquecounter\uniqu
ecounter.sty
Package: uniquecounter 2019/12/15 v1.4 Provide unlimited unique counter (HO)
)
Package uniquecounter Info: New unique counter `rerunfilecheck' on input line 2
85.
)
\Hy@SectionHShift=\skip68
)
(D:\Users\moviedo\AppData\Local\Programs\MiKTeX\tex/latex/bookmark\bkm-dvipdfm.
def
File: bkm-dvipdfm.def 2023-12-10 v1.31 bookmark driver for dvipdfm (HO)
\BKM@id=\count322
)) (D:\Users\moviedo\AppData\Local\Programs\MiKTeX\tex/latex/xurl\xurl.sty
Package: xurl 2022/01/09 v 0.10 modify URL breaks
) (Practicas_de_TGD.aux)
\openout1 = `Practicas_de_TGD.aux'.

LaTeX Font Info:    Checking defaults for OML/cmm/m/it on input line 143.
LaTeX Font Info:    ... okay on input line 143.
LaTeX Font Info:    Checking defaults for OMS/cmsy/m/n on input line 143.
LaTeX Font Info:    ... okay on input line 143.
LaTeX Font Info:    Checking defaults for OT1/cmr/m/n on input line 143.
LaTeX Font Info:    ... okay on input line 143.
LaTeX Font Info:    Checking defaults for T1/cmr/m/n on input line 143.
LaTeX Font Info:    ... okay on input line 143.
LaTeX Font Info:    Checking defaults for TS1/cmr/m/n on input line 143.
LaTeX Font Info:    ... okay on input line 143.
LaTeX Font Info:    Checking defaults for TU/lmr/m/n on input line 143.
LaTeX Font Info:    ... okay on input line 143.
LaTeX Font Info:    Checking defaults for OMX/cmex/m/n on input line 143.
LaTeX Font Info:    ... okay on input line 143.
LaTeX Font Info:    Checking defaults for U/cmr/m/n on input line 143.
LaTeX Font Info:    ... okay on input line 143.
LaTeX Font Info:    Checking defaults for PD1/pdf/m/n on input line 143.
LaTeX Font Info:    ... okay on input line 143.
LaTeX Font Info:    Checking defaults for PU/pdf/m/n on input line 143.
LaTeX Font Info:    ... okay on input line 143.
LaTeX Font Info:    Overwriting math alphabet `\mathrm' in version `normal'
(Font)                  OT1/lmr/m/n --> TU/lmr/m/n on input line 143.
LaTeX Font Info:    Overwriting math alphabet `\mathit' in version `normal'
(Font)                  OT1/lmr/m/it --> TU/lmr/m/it on input line 143.
LaTeX Font Info:    Overwriting math alphabet `\mathbf' in version `normal'
(Font)                  OT1/lmr/bx/n --> TU/lmr/bx/n on input line 143.
LaTeX Font Info:    Overwriting math alphabet `\mathsf' in version `normal'
(Font)                  OT1/lmss/m/n --> TU/lmss/m/n on input line 143.
LaTeX Font Info:    Overwriting math alphabet `\mathsf' in version `bold'
(Font)                  OT1/lmss/bx/n --> TU/lmss/bx/n on input line 143.
LaTeX Font Info:    Overwriting math alphabet `\mathtt' in version `normal'
(Font)                  OT1/lmtt/m/n --> TU/lmtt/m/n on input line 143.
LaTeX Font Info:    Overwriting math alphabet `\mathtt' in version `bold'
(Font)                  OT1/lmtt/m/n --> TU/lmtt/bx/n on input line 143.

Package fontspec Info: latinmodern-math scale = 0.9999964596882403.


Package fontspec Info: latinmodern-math scale = 0.9999964596882403.


Package fontspec Info: latinmodern-math scale = 0.9999964596882403.


Package fontspec Info: Font family 'latinmodern-math.otf(0)' created for font
(fontspec)             'latinmodern-math.otf' with options
(fontspec)             [Scale=MatchLowercase,BoldItalicFont={},ItalicFont={},Sm
allCapsFont={},Script=Math,BoldFont={latinmodern-math.otf}].
(fontspec)              
(fontspec)              This font family consists of the following NFSS
(fontspec)             series/shapes:
(fontspec)              
(fontspec)             - 'normal' (m/n) with NFSS spec.:
(fontspec)             <->s*[0.9999964596882403]"[latinmodern-math.otf]/OT:scri
pt=math;language=dflt;"
(fontspec)             - 'small caps'  (m/sc) with NFSS spec.: 
(fontspec)             - 'bold' (b/n) with NFSS spec.:
(fontspec)             <->s*[0.9999964596882403]"[latinmodern-math.otf]/OT:scri
pt=math;language=dflt;"
(fontspec)             - 'bold small caps'  (b/sc) with NFSS spec.: 

LaTeX Font Info:    Font shape `TU/latinmodern-math.otf(0)/m/n' will be
(Font)              scaled to size 10.0pt on input line 143.

Package fontspec Info: latinmodern-math scale = 0.9999964596882403.


Package fontspec Info: latinmodern-math scale = 0.9999964596882403.


Package fontspec Info: latinmodern-math scale = 0.9999964596882403.


Package fontspec Info: latinmodern-math scale = 0.9999964596882403.


Package fontspec Info: latinmodern-math scale = 0.9999964596882403.


Package fontspec Info: Font family 'latinmodern-math.otf(1)' created for font
(fontspec)             'latinmodern-math.otf' with options
(fontspec)             [Scale=MatchLowercase,BoldItalicFont={},ItalicFont={},Sm
allCapsFont={},Script=Math,SizeFeatures={{Size=8.5-},{Size=6-8.5,Font=latinmode
rn-math.otf,Style=MathScript},{Size=-6,Font=latinmodern-math.otf,Style=MathScri
ptScript}},BoldFont={latinmodern-math.otf}].
(fontspec)              
(fontspec)              This font family consists of the following NFSS
(fontspec)             series/shapes:
(fontspec)              
(fontspec)             - 'normal' (m/n) with NFSS spec.:
(fontspec)             <8.5->s*[0.9999964596882403]"[latinmodern-math.otf]/OT:s
cript=math;language=dflt;"<6-8.5>s*[0.9999964596882403]"[latinmodern-math.otf]/
OT:script=math;language=dflt;+ssty=0;"<-6>s*[0.9999964596882403]"[latinmodern-m
ath.otf]/OT:script=math;language=dflt;+ssty=1;"
(fontspec)             - 'small caps'  (m/sc) with NFSS spec.: 
(fontspec)             - 'bold' (b/n) with NFSS spec.:
(fontspec)             <->s*[0.9999964596882403]"[latinmodern-math.otf]/OT:scri
pt=math;language=dflt;"
(fontspec)             - 'bold small caps'  (b/sc) with NFSS spec.: 

LaTeX Font Info:    Font shape `TU/latinmodern-math.otf(1)/m/n' will be
(Font)              scaled to size 10.0pt on input line 143.
LaTeX Font Info:    Encoding `OT1' has changed to `TU' for symbol font
(Font)              `operators' in the math version `normal' on input line 143.

LaTeX Font Info:    Overwriting symbol font `operators' in version `normal'
(Font)                  OT1/lmr/m/n --> TU/latinmodern-math.otf(1)/m/n on input
 line 143.
LaTeX Font Info:    Encoding `OT1' has changed to `TU' for symbol font
(Font)              `operators' in the math version `bold' on input line 143.
LaTeX Font Info:    Overwriting symbol font `operators' in version `bold'
(Font)                  OT1/lmr/bx/n --> TU/latinmodern-math.otf(1)/b/n on inpu
t line 143.

Package fontspec Info: latinmodern-math scale = 0.9999964596882403.


Package fontspec Info: latinmodern-math scale = 1.000096459334209.


Package fontspec Info: latinmodern-math scale = 0.9999964596882403.


Package fontspec Info: latinmodern-math scale = 1.000096459334209.


Package fontspec Info: latinmodern-math scale = 0.9999964596882403.


Package fontspec Info: latinmodern-math scale = 1.000096459334209.


Package fontspec Info: latinmodern-math scale = 0.9999964596882403.


Package fontspec Info: latinmodern-math scale = 1.000096459334209.


Package fontspec Info: latinmodern-math scale = 0.9999964596882403.


Package fontspec Info: latinmodern-math scale = 1.000096459334209.


Package fontspec Info: Font family 'latinmodern-math.otf(2)' created for font
(fontspec)             'latinmodern-math.otf' with options
(fontspec)             [Scale=MatchLowercase,BoldItalicFont={},ItalicFont={},Sm
allCapsFont={},Script=Math,SizeFeatures={{Size=8.5-},{Size=6-8.5,Font=latinmode
rn-math.otf,Style=MathScript},{Size=-6,Font=latinmodern-math.otf,Style=MathScri
ptScript}},BoldFont={latinmodern-math.otf},ScaleAgain=1.0001,FontAdjustment={\f
ontdimen
(fontspec)             8\font =6.77pt\relax \fontdimen 9\font =3.94pt\relax
(fontspec)             \fontdimen 10\font =4.44pt\relax \fontdimen 11\font
(fontspec)             =6.86pt\relax \fontdimen 12\font =3.45pt\relax
(fontspec)             \fontdimen 13\font =3.63pt\relax \fontdimen 14\font
(fontspec)             =3.63pt\relax \fontdimen 15\font =2.89pt\relax
(fontspec)             \fontdimen 16\font =2.47pt\relax \fontdimen 17\font
(fontspec)             =2.47pt\relax \fontdimen 18\font =2.5pt\relax
(fontspec)             \fontdimen 19\font =2.0pt\relax \fontdimen 22\font
(fontspec)             =2.5pt\relax \fontdimen 20\font =0pt\relax \fontdimen
(fontspec)             21\font =0pt\relax }].
(fontspec)              
(fontspec)              This font family consists of the following NFSS
(fontspec)             series/shapes:
(fontspec)              
(fontspec)             - 'normal' (m/n) with NFSS spec.:
(fontspec)             <8.5->s*[1.000096459334209]"[latinmodern-math.otf]/OT:sc
ript=math;language=dflt;"<6-8.5>s*[1.000096459334209]"[latinmodern-math.otf]/OT
:script=math;language=dflt;+ssty=0;"<-6>s*[1.000096459334209]"[latinmodern-math
.otf]/OT:script=math;language=dflt;+ssty=1;"
(fontspec)             - 'small caps'  (m/sc) with NFSS spec.: 
(fontspec)             and font adjustment code:
(fontspec)             \fontdimen 8\font =6.77pt\relax \fontdimen 9\font
(fontspec)             =3.94pt\relax \fontdimen 10\font =4.44pt\relax
(fontspec)             \fontdimen 11\font =6.86pt\relax \fontdimen 12\font
(fontspec)             =3.45pt\relax \fontdimen 13\font =3.63pt\relax
(fontspec)             \fontdimen 14\font =3.63pt\relax \fontdimen 15\font
(fontspec)             =2.89pt\relax \fontdimen 16\font =2.47pt\relax
(fontspec)             \fontdimen 17\font =2.47pt\relax \fontdimen 18\font
(fontspec)             =2.5pt\relax \fontdimen 19\font =2.0pt\relax \fontdimen
(fontspec)             22\font =2.5pt\relax \fontdimen 20\font =0pt\relax
(fontspec)             \fontdimen 21\font =0pt\relax 
(fontspec)             - 'bold' (b/n) with NFSS spec.:
(fontspec)             <->s*[1.000096459334209]"[latinmodern-math.otf]/OT:scrip
t=math;language=dflt;"
(fontspec)             - 'bold small caps'  (b/sc) with NFSS spec.: 
(fontspec)             and font adjustment code:
(fontspec)             \fontdimen 8\font =6.77pt\relax \fontdimen 9\font
(fontspec)             =3.94pt\relax \fontdimen 10\font =4.44pt\relax
(fontspec)             \fontdimen 11\font =6.86pt\relax \fontdimen 12\font
(fontspec)             =3.45pt\relax \fontdimen 13\font =3.63pt\relax
(fontspec)             \fontdimen 14\font =3.63pt\relax \fontdimen 15\font
(fontspec)             =2.89pt\relax \fontdimen 16\font =2.47pt\relax
(fontspec)             \fontdimen 17\font =2.47pt\relax \fontdimen 18\font
(fontspec)             =2.5pt\relax \fontdimen 19\font =2.0pt\relax \fontdimen
(fontspec)             22\font =2.5pt\relax \fontdimen 20\font =0pt\relax
(fontspec)             \fontdimen 21\font =0pt\relax 

LaTeX Font Info:    Encoding `OMS' has changed to `TU' for symbol font
(Font)              `symbols' in the math version `normal' on input line 143.
LaTeX Font Info:    Overwriting symbol font `symbols' in version `normal'
(Font)                  OMS/lmsy/m/n --> TU/latinmodern-math.otf(2)/m/n on inpu
t line 143.
LaTeX Font Info:    Encoding `OMS' has changed to `TU' for symbol font
(Font)              `symbols' in the math version `bold' on input line 143.
LaTeX Font Info:    Overwriting symbol font `symbols' in version `bold'
(Font)                  OMS/lmsy/b/n --> TU/latinmodern-math.otf(2)/b/n on inpu
t line 143.

Package fontspec Info: latinmodern-math scale = 0.9999964596882403.


Package fontspec Info: latinmodern-math scale = 0.9998964600422715.


Package fontspec Info: latinmodern-math scale = 0.9999964596882403.


Package fontspec Info: latinmodern-math scale = 0.9998964600422715.


Package fontspec Info: latinmodern-math scale = 0.9999964596882403.


Package fontspec Info: latinmodern-math scale = 0.9998964600422715.


Package fontspec Info: latinmodern-math scale = 0.9999964596882403.


Package fontspec Info: latinmodern-math scale = 0.9998964600422715.


Package fontspec Info: latinmodern-math scale = 0.9999964596882403.


Package fontspec Info: latinmodern-math scale = 0.9998964600422715.


Package fontspec Info: Font family 'latinmodern-math.otf(3)' created for font
(fontspec)             'latinmodern-math.otf' with options
(fontspec)             [Scale=MatchLowercase,BoldItalicFont={},ItalicFont={},Sm
allCapsFont={},Script=Math,SizeFeatures={{Size=8.5-},{Size=6-8.5,Font=latinmode
rn-math.otf,Style=MathScript},{Size=-6,Font=latinmodern-math.otf,Style=MathScri
ptScript}},BoldFont={latinmodern-math.otf},ScaleAgain=0.9999,FontAdjustment={\f
ontdimen
(fontspec)             8\font =0.4pt\relax \fontdimen 9\font =2.0pt\relax
(fontspec)             \fontdimen 10\font =1.67pt\relax \fontdimen 11\font
(fontspec)             =1.11pt\relax \fontdimen 12\font =6.0pt\relax
(fontspec)             \fontdimen 13\font =0pt\relax }].
(fontspec)              
(fontspec)              This font family consists of the following NFSS
(fontspec)             series/shapes:
(fontspec)              
(fontspec)             - 'normal' (m/n) with NFSS spec.:
(fontspec)             <8.5->s*[0.9998964600422715]"[latinmodern-math.otf]/OT:s
cript=math;language=dflt;"<6-8.5>s*[0.9998964600422715]"[latinmodern-math.otf]/
OT:script=math;language=dflt;+ssty=0;"<-6>s*[0.9998964600422715]"[latinmodern-m
ath.otf]/OT:script=math;language=dflt;+ssty=1;"
(fontspec)             - 'small caps'  (m/sc) with NFSS spec.: 
(fontspec)             and font adjustment code:
(fontspec)             \fontdimen 8\font =0.4pt\relax \fontdimen 9\font
(fontspec)             =2.0pt\relax \fontdimen 10\font =1.67pt\relax
(fontspec)             \fontdimen 11\font =1.11pt\relax \fontdimen 12\font
(fontspec)             =6.0pt\relax \fontdimen 13\font =0pt\relax 
(fontspec)             - 'bold' (b/n) with NFSS spec.:
(fontspec)             <->s*[0.9998964600422715]"[latinmodern-math.otf]/OT:scri
pt=math;language=dflt;"
(fontspec)             - 'bold small caps'  (b/sc) with NFSS spec.: 
(fontspec)             and font adjustment code:
(fontspec)             \fontdimen 8\font =0.4pt\relax \fontdimen 9\font
(fontspec)             =2.0pt\relax \fontdimen 10\font =1.67pt\relax
(fontspec)             \fontdimen 11\font =1.11pt\relax \fontdimen 12\font
(fontspec)             =6.0pt\relax \fontdimen 13\font =0pt\relax 

LaTeX Font Info:    Encoding `OMX' has changed to `TU' for symbol font
(Font)              `largesymbols' in the math version `normal' on input line 1
43.
LaTeX Font Info:    Overwriting symbol font `largesymbols' in version `normal'
(Font)                  OMX/lmex/m/n --> TU/latinmodern-math.otf(3)/m/n on inpu
t line 143.
LaTeX Font Info:    Encoding `OMX' has changed to `TU' for symbol font
(Font)              `largesymbols' in the math version `bold' on input line 143
.
LaTeX Font Info:    Overwriting symbol font `largesymbols' in version `bold'
(Font)                  OMX/lmex/m/n --> TU/latinmodern-math.otf(3)/b/n on inpu
t line 143.
LaTeX Info: Redefining \microtypecontext on input line 143.
Package microtype Info: Applying patch `item' on input line 143.
Package microtype Info: Applying patch `toc' on input line 143.
Package microtype Info: Applying patch `eqnum' on input line 143.
Package microtype Info: Applying patch `footnote' on input line 143.
Package microtype Info: Applying patch `verbatim' on input line 143.
Package microtype Info: Character protrusion enabled (level 2).
Package microtype Info: Using protrusion set `basicmath'.
Package microtype Info: No adjustment of tracking.
Package microtype Info: No adjustment of spacing.
Package microtype Info: No adjustment of kerning.

(D:\Users\moviedo\AppData\Local\Programs\MiKTeX\tex/latex/microtype\mt-LatinMod
ernRoman.cfg
File: mt-LatinModernRoman.cfg 2021/02/21 v1.1 microtype config. file: Latin Mod
ern Roman (RS)
)
Package hyperref Info: Link coloring OFF on input line 143.
LaTeX Info: Redefining \rmfamily on input line 143.
LaTeX Info: Redefining \sffamily on input line 143.
LaTeX Info: Redefining \ttfamily on input line 143.
LaTeX Font Info:    Font shape `TU/latinmodern-math.otf(1)/m/n' will be
(Font)              scaled to size 12.0pt on input line 145.
LaTeX Font Info:    Font shape `TU/latinmodern-math.otf(1)/m/n' will be
(Font)              scaled to size 8.0pt on input line 145.
LaTeX Font Info:    Font shape `TU/latinmodern-math.otf(1)/m/n' will be
(Font)              scaled to size 6.0pt on input line 145.
LaTeX Font Info:    Trying to load font information for OML+lmm on input line 1
45.
(D:\Users\moviedo\AppData\Local\Programs\MiKTeX\tex/latex/lm\omllmm.fd
File: omllmm.fd 2015/05/01 v1.6.1 Font defs for Latin Modern
)
LaTeX Font Info:    Font shape `TU/latinmodern-math.otf(2)/m/n' will be
(Font)              scaled to size 12.0011pt on input line 145.
LaTeX Font Info:    Font shape `TU/latinmodern-math.otf(2)/m/n' will be
(Font)              scaled to size 8.00073pt on input line 145.
LaTeX Font Info:    Font shape `TU/latinmodern-math.otf(2)/m/n' will be
(Font)              scaled to size 6.00055pt on input line 145.
LaTeX Font Info:    Font shape `TU/latinmodern-math.otf(3)/m/n' will be
(Font)              scaled to size 11.99872pt on input line 145.
LaTeX Font Info:    Font shape `TU/latinmodern-math.otf(3)/m/n' will be
(Font)              scaled to size 7.99915pt on input line 145.
LaTeX Font Info:    Font shape `TU/latinmodern-math.otf(3)/m/n' will be
(Font)              scaled to size 5.99936pt on input line 145.
LaTeX Font Info:    Trying to load font information for U+msa on input line 145
.
(D:\Users\moviedo\AppData\Local\Programs\MiKTeX\tex/latex/amsfonts\umsa.fd
File: umsa.fd 2013/01/14 v3.01 AMS symbols A
) (D:\Users\moviedo\AppData\Local\Programs\MiKTeX\tex/latex/microtype\mt-msa.cf
g
File: mt-msa.cfg 2006/02/04 v1.1 microtype config. file: AMS symbols (a) (RS)
)
LaTeX Font Info:    Trying to load font information for U+msb on input line 145
.
(D:\Users\moviedo\AppData\Local\Programs\MiKTeX\tex/latex/amsfonts\umsb.fd
File: umsb.fd 2013/01/14 v3.01 AMS symbols B
) (D:\Users\moviedo\AppData\Local\Programs\MiKTeX\tex/latex/microtype\mt-msb.cf
g
File: mt-msb.cfg 2005/06/01 v1.0 microtype config. file: AMS symbols (b) (RS)
) [1


] [2

] (Practicas_de_TGD.toc
LaTeX Info: Redefining \rmfamily on input line 1.
LaTeX Info: Redefining \sffamily on input line 1.
LaTeX Info: Redefining \ttfamily on input line 1.
LaTeX Font Info:    Font shape `TU/latinmodern-math.otf(1)/m/n' will be
(Font)              scaled to size 7.0pt on input line 4.
LaTeX Font Info:    Font shape `TU/latinmodern-math.otf(1)/m/n' will be
(Font)              scaled to size 5.0pt on input line 4.
LaTeX Font Info:    Font shape `TU/latinmodern-math.otf(2)/m/n' will be
(Font)              scaled to size 10.00092pt on input line 4.
LaTeX Font Info:    Font shape `TU/latinmodern-math.otf(2)/m/n' will be
(Font)              scaled to size 7.00064pt on input line 4.
LaTeX Font Info:    Font shape `TU/latinmodern-math.otf(2)/m/n' will be
(Font)              scaled to size 5.00046pt on input line 4.
LaTeX Font Info:    Font shape `TU/latinmodern-math.otf(3)/m/n' will be
(Font)              scaled to size 9.99893pt on input line 4.
LaTeX Font Info:    Font shape `TU/latinmodern-math.otf(3)/m/n' will be
(Font)              scaled to size 6.99925pt on input line 4.
LaTeX Font Info:    Font shape `TU/latinmodern-math.otf(3)/m/n' will be
(Font)              scaled to size 4.99947pt on input line 4.
[3])
\tf@toc=\write4
\openout4 = `Practicas_de_TGD.toc'.

[4]
LaTeX Font Info:    Font shape `TU/lmtt/bx/n' in size <10> not available
(Font)              Font shape `TU/lmtt/b/n' tried instead on input line 178.
File: images/by-nc-nd-88x31.png Graphic file (type bmp)
<images/by-nc-nd-88x31.png>
[5

] [6

]
Capítulo 1.
[7] [8] [9] [10

]
Capítulo 2.
File: images/esquema2.png Graphic file (type bmp)
<images/esquema2.png>
[11]

LaTeX Font Warning: Font shape `TU/lmtt/bx/it' in size <10> not available
(Font)              Font shape `TU/lmtt/b/sl' tried instead on input line 431.

[12]
Overfull \hbox (27.75pt too wide) in paragraph at lines 480--480
[]\TU/lmtt/m/n/10 ##  $ fechnac : chr  "2/3/1952" "5/23/1958" "7/26/1929" "4/15
/1947" ...[] 
 []


Overfull \hbox (111.75pt too wide) in paragraph at lines 480--480
[]\TU/lmtt/m/n/10 ##  $ catlab  : chr  "Directivo" "Administrativo" "Administra
tivo" "Administrativo" ...[] 
 []


Overfull \hbox (90.75pt too wide) in paragraph at lines 480--480
[]\TU/lmtt/m/n/10 ##  $ salini  : int  27000 18750 12000 13200 21000 13500 1875
0 9750 12750 13500 ...[] 
 []


Underfull \hbox (badness 3138) in paragraph at lines 502--505
[]\TU/lmtt/m/n/10 header\TU/lmr/m/n/10 : indica si el fichero tiene cabecera (\
TU/lmtt/m/n/10 header=TRUE\TU/lmr/m/n/10 ) o no
 []

[13]
LaTeX Font Info:    Font shape `TU/lmtt/bx/n' in size <9> not available
(Font)              Font shape `TU/lmtt/b/n' tried instead on input line 555.

Overfull \hbox (14.10023pt too wide) in paragraph at lines 578--578
[]\TU/lmtt/m/n/9 ##  $ sexo    : Factor w/ 2 levels "Hombre","Mujer": 1 1 2 2 1
 1 1 2 2 2 ...[] 
 []


Overfull \hbox (18.82521pt too wide) in paragraph at lines 578--578
[]\TU/lmtt/m/n/9 ##  $ educ    : Factor w/ 10 levels "8","12","14",..: 4 5 2 1 
4 4 4 2 4 2 ...[] 
 []


Overfull \hbox (28.27522pt too wide) in paragraph at lines 578--578
[]\TU/lmtt/m/n/9 ##  $ catlab  : Factor w/ 3 levels "Administrativo",..: 3 1 1 
1 1 1 1 1 1 1 ...[] 
 []


Overfull \hbox (103.87514pt too wide) in paragraph at lines 578--578
[]\TU/lmtt/m/n/9 ##  $ salario : Factor w/ 221 levels "15750","15900",..: 179 1
37 28 31 150 101 121 31 71 45 ...[] 
 []


Overfull \hbox (61.35013pt too wide) in paragraph at lines 578--578
[]\TU/lmtt/m/n/9 ##  $ salini  : Factor w/ 90 levels "9000","9750",..: 60 42 13
 21 48 23 42 2 18 23 ...[] 
 []


Overfull \hbox (70.8001pt too wide) in paragraph at lines 578--578
[]\TU/lmtt/m/n/9 ##  $ tiempemp: Factor w/ 36 levels "63","64","65",..: 36 36 3
6 36 36 36 36 36 36 36 ...[] 
 []


Overfull \hbox (84.97514pt too wide) in paragraph at lines 578--578
[]\TU/lmtt/m/n/9 ##  $ expprev : Factor w/ 208 levels "Ausente","10",..: 38 131
 139 64 34 181 13 1 14 91 ...[] 
 []


Overfull \hbox (231.45016pt too wide) in paragraph at lines 578--578
[]\TU/lmtt/m/n/9 ##  - attr(*, "variable.labels")= Named chr [1:10] "Código de 
empleado" "Sexo" "Fecha de nacimiento" "Nivel educativo" ...[] 
 []

[14]
Underfull \hbox (badness 2426) in paragraph at lines 657--659
[]\TU/lmr/m/n/10 Desde Excel, se selecciona el menú \TU/lmtt/m/n/10 Archivo -> 
Guardar como ->
 []

[15] [16]
Underfull \hbox (badness 2229) in paragraph at lines 751--752
[]\TU/lmr/m/n/10 Si queremos trabajar con Python de forma interactiva, podemos 
usar
 []

[17] [18]
Underfull \hbox (badness 1496) in paragraph at lines 898--901
[]\TU/lmr/m/n/10 También transformaremos la variable \TU/lmtt/m/n/10 dist \TU/l
mr/m/n/10 (en pies) en una nueva va-
 []


Underfull \hbox (badness 1057) in paragraph at lines 898--901
\TU/lmr/m/n/10 riable \TU/lmtt/m/n/10 distancia \TU/lmr/m/n/10 (en metros), por
 lo que la transformación deseada es
 []

[19] [20]
Underfull \vbox (badness 10000) has occurred while \output is active []

[21] [22] [23] [24] [25]
File: 02-ManipulacionDatosR_files/figure-latex/unnamed-chunk-49-1.pdf Graphic f
ile (type pdf)
<use 02-ManipulacionDatosR_files/figure-latex/unnamed-chunk-49-1.pdf>
[26] [27]
LaTeX Font Info:    Font shape `TU/lmtt/bx/n' in size <12> not available
(Font)              Font shape `TU/lmtt/b/n' tried instead on input line 1564.
[28]
Underfull \hbox (badness 2351) in paragraph at lines 1651--1652
[]\TU/lmr/m/n/10 Alternativamente, se puede utilizar opciones más eficientes: \
TU/lmtt/m/n/10 colSums()\TU/lmr/m/n/10 ,
 []

[29]
Underfull \hbox (badness 10000) in paragraph at lines 1712--1714
[]\TU/lmr/m/n/10 La función []\TU/lmtt/m/n/10 sapply(X, FUN, ..., simplify = TR
UE, USE.NAMES =
 []

[30] [31] [32]
Underfull \hbox (badness 1097) in paragraph at lines 1971--1974
\TU/lmr/m/n/10 blas como: \TU/lmtt/m/n/10 kableExtra()\TU/lmr/m/n/10 , \TU/lmtt
/m/n/10 flextable()\TU/lmr/m/n/10 , \TU/lmtt/m/n/10 reactable()\TU/lmr/m/n/10 ,
 \TU/lmtt/m/n/10 reactablefmtr()\TU/lmr/m/n/10 ,
 []

[33]
Overfull \hbox (211.5pt too wide) in paragraph at lines 2034--2034
[]\TU/lmtt/m/n/10 ##  - attr(*, "variable.labels")= Named chr [1:62] "Publicati
on type" "Author" "Book authors" "Editor" ...[] 
 []


LaTeX Warning: Float too large for page by 260.13962pt on input line 2177.

[34] [35] [36] [37] [38

]
Capítulo 3.
[39]
File: images/Relacion.png Graphic file (type bmp)
<images/Relacion.png>
File: images/BBDD.png Graphic file (type bmp)
<images/BBDD.png>

Overfull \hbox (106.67932pt too wide) in paragraph at lines 2404--2405
[][] 
 []


Underfull \vbox (badness 10000) has occurred while \output is active []

[40] [41]
File: images/ClaveForanea.png Graphic file (type bmp)
<images/ClaveForanea.png>

Overfull \hbox (106.68845pt too wide) in paragraph at lines 2452--2453
[][] 
 []

File: images/IntegridadReferencial.png Graphic file (type bmp)
<images/IntegridadReferencial.png>

Overfull \hbox (106.6816pt too wide) in paragraph at lines 2454--2455
[][] 
 []


Underfull \vbox (badness 2103) has occurred while \output is active []

[42] [43] [44] [45] [46] [47] [48]
Overfull \hbox (59.25pt too wide) in paragraph at lines 2919--2919
[]\TU/lmtt/m/n/10 ##  [1] "mpg"  "cyl"  "disp" "hp"   "drat" "wt"   "qsec" "vs"
   "am"   "gear"[] 
 []

[49]
Underfull \vbox (badness 10000) has occurred while \output is active []

[50]
File: images/sqlite-sample-database-color.jpg Graphic file (type bmp)
<images/sqlite-sample-database-color.jpg>

Overfull \hbox (106.69864pt too wide) in paragraph at lines 3020--3021
[][] 
 []

[51] [52]
Capítulo 4.
[53

] [54] [55]
Overfull \hbox (12.0pt too wide) in paragraph at lines 3224--3224
[]\TU/lmtt/m/n/10 ##             catlab      salario           salini         t
iempemp[] 
 []


Overfull \hbox (22.5pt too wide) in paragraph at lines 3224--3224
[]\TU/lmtt/m/n/10 ##  Administrativo: 0   Min.   : 34410   Min.   :15750   Min.
   :64.00[] 
 []


Overfull \hbox (22.5pt too wide) in paragraph at lines 3224--3224
[]\TU/lmtt/m/n/10 ##  Seguridad     : 0   1st Qu.: 51956   1st Qu.:23063   1st 
Qu.:73.00[] 
 []


Overfull \hbox (22.5pt too wide) in paragraph at lines 3224--3224
[]\TU/lmtt/m/n/10 ##  Directivo     :84   Median : 60500   Median :28740   Medi
an :81.00[] 
 []


Overfull \hbox (22.5pt too wide) in paragraph at lines 3224--3224
[]\TU/lmtt/m/n/10 ##                      Mean   : 63978   Mean   :30258   Mean
   :81.15[] 
 []


Overfull \hbox (22.5pt too wide) in paragraph at lines 3224--3224
[]\TU/lmtt/m/n/10 ##                      3rd Qu.: 71281   3rd Qu.:34058   3rd 
Qu.:91.00[] 
 []


Overfull \hbox (22.5pt too wide) in paragraph at lines 3224--3224
[]\TU/lmtt/m/n/10 ##                      Max.   :135000   Max.   :79980   Max.
   :98.00[] 
 []

[56]
File: 04-dplyr_files/figure-latex/unnamed-chunk-3-1.pdf Graphic file (type pdf)

<use 04-dplyr_files/figure-latex/unnamed-chunk-3-1.pdf>
[57]
Underfull \vbox (badness 1622) has occurred while \output is active []

[58] [59] [60] [61] [62]
Overfull \hbox (6.82114pt too wide) in paragraph at lines 3620--3622
\TU/lmtt/m/n/10 _all() \TU/lmr/m/n/10 de versiones anteriores de dplyr (como \T
U/lmtt/m/n/10 summarise_at()\TU/lmr/m/n/10 , \TU/lmtt/m/n/10 summarise_if()\TU/
lmr/m/n/10 ,
 []


Underfull \vbox (badness 1019) has occurred while \output is active []

[63]
Overfull \hbox (69.75pt too wide) in paragraph at lines 3713--3713
[]\TU/lmtt/m/n/10 ##    Ozone Solar.R  Wind  Temp Month   Day Ozone_NA Solar.R_
NA Wind_NA Temp_NA[] 
 []


Overfull \hbox (59.25pt too wide) in paragraph at lines 3713--3713
[]\TU/lmtt/m/n/10 ##    <int>   <int> <dbl> <int> <int> <int> <fct>    <fct>   
   <fct>   <fct>[] 
 []


Overfull \hbox (48.75pt too wide) in paragraph at lines 3713--3713
[]\TU/lmtt/m/n/10 ##  1    41     190   7.4    67     5     1 !NA      !NA     
   !NA     !NA[] 
 []


Overfull \hbox (48.75pt too wide) in paragraph at lines 3713--3713
[]\TU/lmtt/m/n/10 ##  2    36     118   8      72     5     2 !NA      !NA     
   !NA     !NA[] 
 []


Overfull \hbox (48.75pt too wide) in paragraph at lines 3713--3713
[]\TU/lmtt/m/n/10 ##  3    12     149  12.6    74     5     3 !NA      !NA     
   !NA     !NA[] 
 []


Overfull \hbox (48.75pt too wide) in paragraph at lines 3713--3713
[]\TU/lmtt/m/n/10 ##  4    18     313  11.5    62     5     4 !NA      !NA     
   !NA     !NA[] 
 []


Overfull \hbox (48.75pt too wide) in paragraph at lines 3713--3713
[]\TU/lmtt/m/n/10 ##  5    NA      NA  14.3    56     5     5 NA       NA      
   !NA     !NA[] 
 []


Overfull \hbox (48.75pt too wide) in paragraph at lines 3713--3713
[]\TU/lmtt/m/n/10 ##  6    28      NA  14.9    66     5     6 !NA      NA      
   !NA     !NA[] 
 []


Overfull \hbox (48.75pt too wide) in paragraph at lines 3713--3713
[]\TU/lmtt/m/n/10 ##  7    23     299   8.6    65     5     7 !NA      !NA     
   !NA     !NA[] 
 []


Overfull \hbox (48.75pt too wide) in paragraph at lines 3713--3713
[]\TU/lmtt/m/n/10 ##  8    19      99  13.8    59     5     8 !NA      !NA     
   !NA     !NA[] 
 []


Overfull \hbox (48.75pt too wide) in paragraph at lines 3713--3713
[]\TU/lmtt/m/n/10 ##  9     8      19  20.1    61     5     9 !NA      !NA     
   !NA     !NA[] 
 []


Overfull \hbox (48.75pt too wide) in paragraph at lines 3713--3713
[]\TU/lmtt/m/n/10 ## 10    NA     194   8.6    69     5    10 NA       !NA     
   !NA     !NA[] 
 []


Underfull \vbox (badness 1158) has occurred while \output is active []

[64]
File: 04-dplyr_files/figure-latex/unnamed-chunk-23-1.pdf Graphic file (type pdf
)
<use 04-dplyr_files/figure-latex/unnamed-chunk-23-1.pdf>
File: 04-dplyr_files/figure-latex/unnamed-chunk-24-1.pdf Graphic file (type pdf
)
<use 04-dplyr_files/figure-latex/unnamed-chunk-24-1.pdf>

Underfull \vbox (badness 10000) has occurred while \output is active []

[65]
File: 04-dplyr_files/figure-latex/unnamed-chunk-25-1.pdf Graphic file (type pdf
)
<use 04-dplyr_files/figure-latex/unnamed-chunk-25-1.pdf>

Underfull \vbox (badness 10000) has occurred while \output is active []

[66] [67]
Overfull \hbox (33.0pt too wide) in paragraph at lines 3900--3900
[]\TU/lmtt/m/n/10 ## src:  sqlite 3.45.2 [D:\Users\moviedo\github\tgdbook\data\
chinook.db][] 
 []


Overfull \hbox (75.0pt too wide) in paragraph at lines 3900--3900
[]\TU/lmtt/m/n/10 ## tbls: albums, artists, customers, employees, genres, invoi
ce_items, invoices,[] 
 []


Overfull \hbox (85.5pt too wide) in paragraph at lines 3900--3900
[]\TU/lmtt/m/n/10 ##   media_types, playlist_track, playlists, sqlite_sequence,
 sqlite_stat1, tracks[] 
 []


Overfull \hbox (64.5pt too wide) in paragraph at lines 3929--3929
[]\TU/lmtt/m/n/10 ## # Database: sqlite 3.45.2 [D:\Users\moviedo\github\tgdbook
\data\chinook.db][] 
 []


Overfull \hbox (90.75pt too wide) in paragraph at lines 3929--3929
[]\TU/lmtt/m/n/10 ##    InvoiceId CustomerId InvoiceDate      BillingAddress Bi
llingCity BillingState[] 
 []


Overfull \hbox (54.0pt too wide) in paragraph at lines 3929--3929
[]\TU/lmtt/m/n/10 ##        <int>      <int> <chr>            <chr>          <c
hr>       <chr>[] 
 []


Overfull \hbox (48.75pt too wide) in paragraph at lines 3929--3929
[]\TU/lmtt/m/n/10 ##  1         1          2 2009-01-01 00:0~ Theodor-Heuss~ St
uttgart   <NA>[] 
 []


Overfull \hbox (48.75pt too wide) in paragraph at lines 3929--3929
[]\TU/lmtt/m/n/10 ##  2         2          4 2009-01-02 00:0~ Ullevålsveien~ Os
lo        <NA>[] 
 []


Overfull \hbox (48.75pt too wide) in paragraph at lines 3929--3929
[]\TU/lmtt/m/n/10 ##  3         3          8 2009-01-03 00:0~ Grétrystraat ~ Br
ussels    <NA>[] 
 []

[68]
Overfull \hbox (38.25pt too wide) in paragraph at lines 3929--3929
[]\TU/lmtt/m/n/10 ##  4         4         14 2009-01-06 00:0~ 8210 111 ST NW Ed
monton    AB[] 
 []


Overfull \hbox (38.25pt too wide) in paragraph at lines 3929--3929
[]\TU/lmtt/m/n/10 ##  5         5         23 2009-01-11 00:0~ 69 Salem Stre~ Bo
ston      MA[] 
 []


Overfull \hbox (48.75pt too wide) in paragraph at lines 3929--3929
[]\TU/lmtt/m/n/10 ##  6         6         37 2009-01-19 00:0~ Berger Straße~ Fr
ankfurt   <NA>[] 
 []


Overfull \hbox (48.75pt too wide) in paragraph at lines 3929--3929
[]\TU/lmtt/m/n/10 ##  7         7         38 2009-02-01 00:0~ Barbarossastr~ Be
rlin      <NA>[] 
 []


Overfull \hbox (48.75pt too wide) in paragraph at lines 3929--3929
[]\TU/lmtt/m/n/10 ##  8         8         40 2009-02-01 00:0~ 8, Rue Hanovre Pa
ris       <NA>[] 
 []


Overfull \hbox (48.75pt too wide) in paragraph at lines 3929--3929
[]\TU/lmtt/m/n/10 ##  9         9         42 2009-02-02 00:0~ 9, Place Loui~ Bo
rdeaux    <NA>[] 
 []


Overfull \hbox (59.25pt too wide) in paragraph at lines 3929--3929
[]\TU/lmtt/m/n/10 ## 10        10         46 2009-02-03 00:0~ 3 Chatham Str~ Du
blin      Dublin[] 
 []


Overfull \hbox (27.75pt too wide) in paragraph at lines 3929--3929
[]\TU/lmtt/m/n/10 ## # i 3 more variables: BillingCountry <chr>, BillingPostalC
ode <chr>,[] 
 []


Overfull \hbox (90.75pt too wide) in paragraph at lines 3992--3992
[]\TU/lmtt/m/n/10 ##   InvoiceId CustomerId InvoiceDate       BillingAddress Bi
llingCity BillingState[] 
 []


Overfull \hbox (54.0pt too wide) in paragraph at lines 3992--3992
[]\TU/lmtt/m/n/10 ##       <int>      <int> <chr>             <chr>          <c
hr>       <chr>[] 
 []


Overfull \hbox (48.75pt too wide) in paragraph at lines 3992--3992
[]\TU/lmtt/m/n/10 ## 1         1          2 2009-01-01 00:00~ Theodor-Heuss~ St
uttgart   <NA>[] 
 []


Overfull \hbox (48.75pt too wide) in paragraph at lines 3992--3992
[]\TU/lmtt/m/n/10 ## 2         2          4 2009-01-02 00:00~ Ullevålsveien~ Os
lo        <NA>[] 
 []


Overfull \hbox (48.75pt too wide) in paragraph at lines 3992--3992
[]\TU/lmtt/m/n/10 ## 3         3          8 2009-01-03 00:00~ Grétrystraat ~ Br
ussels    <NA>[] 
 []


Overfull \hbox (38.25pt too wide) in paragraph at lines 3992--3992
[]\TU/lmtt/m/n/10 ## 4         4         14 2009-01-06 00:00~ 8210 111 ST NW Ed
monton    AB[] 
 []


Overfull \hbox (38.25pt too wide) in paragraph at lines 3992--3992
[]\TU/lmtt/m/n/10 ## 5         5         23 2009-01-11 00:00~ 69 Salem Stre~ Bo
ston      MA[] 
 []


Overfull \hbox (48.75pt too wide) in paragraph at lines 3992--3992
[]\TU/lmtt/m/n/10 ## 6         6         37 2009-01-19 00:00~ Berger Straße~ Fr
ankfurt   <NA>[] 
 []


Overfull \hbox (27.75pt too wide) in paragraph at lines 3992--3992
[]\TU/lmtt/m/n/10 ## # i 3 more variables: BillingCountry <chr>, BillingPostalC
ode <chr>,[] 
 []

[69]
Overfull \hbox (64.5pt too wide) in paragraph at lines 4006--4006
[]\TU/lmtt/m/n/10 ## # Database: sqlite 3.45.2 [D:\Users\moviedo\github\tgdbook
\data\chinook.db][] 
 []


Overfull \hbox (6.47221pt too wide) in paragraph at lines 4055--4056
\TU/lmr/m/n/10 una de sus facturas (Hint: WHERE customer.CustomerID=invoices.Cu
stomerID): 
 []

[70]
Overfull \hbox (59.25pt too wide) in paragraph at lines 4069--4069
[]\TU/lmtt/m/n/10 ##  [1] "CustomerId"   "FirstName"    "LastName"     "Company
"      "Address"[] 
 []


Overfull \hbox (48.75pt too wide) in paragraph at lines 4069--4069
[]\TU/lmtt/m/n/10 ##  [6] "City"         "State"        "Country"      "PostalC
ode"   "Phone"[] 
 []

[71] [72

]
Capítulo 5.
[73]
File: images/TeoremaCAP.jpg Graphic file (type bmp)
<images/TeoremaCAP.jpg>

Underfull \vbox (badness 10000) has occurred while \output is active []

[74]
File: images/TiposBBDDNoSQL.png Graphic file (type bmp)
<images/TiposBBDDNoSQL.png>

Underfull \vbox (badness 3271) has occurred while \output is active []


Overfull \hbox (235.02792pt too wide) has occurred while \output is active
\TU/lmr/m/sl/10 5.1.  CONCEPTOS Y TIPOS DE BASES DE DATOS NOSQL (DOCUMENTAL, CO
LUMNAR, CLAVE/VALOR Y DE GRAFOS) \TU/lmr/m/n/10 75
 []

[75]
File: images/TiposBBDDNoSQL2.png Graphic file (type bmp)
<images/TiposBBDDNoSQL2.png>
File: images/451ResearchMap.png Graphic file (type bmp)
<images/451ResearchMap.png>

Underfull \vbox (badness 10000) has occurred while \output is active []

[76]
File: images/DBEnginesRanking.png Graphic file (type bmp)
<images/DBEnginesRanking.png>
File: images/451ResearchSkills.png Graphic file (type bmp)
<images/451ResearchSkills.png>
File: images/MongoDB.jpg Graphic file (type bmp)
<images/MongoDB.jpg>

Underfull \vbox (badness 10000) has occurred while \output is active []


Overfull \hbox (235.02792pt too wide) has occurred while \output is active
\TU/lmr/m/sl/10 5.1.  CONCEPTOS Y TIPOS DE BASES DE DATOS NOSQL (DOCUMENTAL, CO
LUMNAR, CLAVE/VALOR Y DE GRAFOS) \TU/lmr/m/n/10 77
 []

[77]
File: images/BlogRDMS.png Graphic file (type bmp)
<images/BlogRDMS.png>

Underfull \vbox (badness 10000) has occurred while \output is active []

[78]
File: images/BlogNoSQL.png Graphic file (type bmp)
<images/BlogNoSQL.png>

Underfull \vbox (badness 10000) has occurred while \output is active []


Overfull \hbox (235.02792pt too wide) has occurred while \output is active
\TU/lmr/m/sl/10 5.1.  CONCEPTOS Y TIPOS DE BASES DE DATOS NOSQL (DOCUMENTAL, CO
LUMNAR, CLAVE/VALOR Y DE GRAFOS) \TU/lmr/m/n/10 79
 []

[79]
File: images/Neo4jlogo.png Graphic file (type bmp)
<images/Neo4jlogo.png>
File: images/CypherQuery.png Graphic file (type bmp)
<images/CypherQuery.png>

Underfull \vbox (badness 10000) has occurred while \output is active []

[80]
File: images/CypherResult.png Graphic file (type bmp)
<images/CypherResult.png>
[81] [82]
Capítulo 6.
File: images/T3-CientificoDatos.png Graphic file (type bmp)
<images/T3-CientificoDatos.png>

Underfull \vbox (badness 10000) has occurred while \output is active []

[83

]
Overfull \hbox (38.06343pt too wide) has occurred while \output is active
\TU/lmr/m/n/10 84 \TU/lmr/m/sl/10 CAPÍTULO 6.  TECNOLOGÍAS PARA EL TRATAMIENDO 
DE DATOS MASIVOS
 []

[84]
File: images/T3-ecosistema.png Graphic file (type bmp)
<images/T3-ecosistema.png>
File: images/T3-DMvsBD.jpg Graphic file (type bmp)
<images/T3-DMvsBD.jpg>

Underfull \vbox (badness 10000) has occurred while \output is active []

[85]
File: images/T3-AI-ML.png Graphic file (type bmp)
<images/T3-AI-ML.png>
File: images/T3-MLvsDL.png Graphic file (type bmp)
<images/T3-MLvsDL.png>

Underfull \vbox (badness 10000) has occurred while \output is active []


Overfull \hbox (38.06343pt too wide) has occurred while \output is active
\TU/lmr/m/n/10 86 \TU/lmr/m/sl/10 CAPÍTULO 6.  TECNOLOGÍAS PARA EL TRATAMIENDO 
DE DATOS MASIVOS
 []

[86]
File: images/T3-machinelearning.png Graphic file (type bmp)
<images/T3-machinelearning.png>
File: images/T3-machinelearningalgorithms.png Graphic file (type bmp)
<images/T3-machinelearningalgorithms.png>

Underfull \vbox (badness 10000) has occurred while \output is active []

[87]
File: images/T3-Supervised_ML.png Graphic file (type bmp)
<images/T3-Supervised_ML.png>
File: images/T3-ML-indicadores.png Graphic file (type bmp)
<images/T3-ML-indicadores.png>

Underfull \vbox (badness 10000) has occurred while \output is active []


Overfull \hbox (38.06343pt too wide) has occurred while \output is active
\TU/lmr/m/n/10 88 \TU/lmr/m/sl/10 CAPÍTULO 6.  TECNOLOGÍAS PARA EL TRATAMIENDO 
DE DATOS MASIVOS
 []

[88]
File: images/T3-rattle1.png Graphic file (type bmp)
<images/T3-rattle1.png>
File: images/T3-rattle2.png Graphic file (type bmp)
<images/T3-rattle2.png>

Underfull \vbox (badness 10000) has occurred while \output is active []

[89]
File: images/T3-rattle3.png Graphic file (type bmp)
<images/T3-rattle3.png>

Overfull \hbox (38.06343pt too wide) has occurred while \output is active
\TU/lmr/m/n/10 90 \TU/lmr/m/sl/10 CAPÍTULO 6.  TECNOLOGÍAS PARA EL TRATAMIENDO 
DE DATOS MASIVOS
 []

[90] [91]
Overfull \hbox (38.06343pt too wide) has occurred while \output is active
\TU/lmr/m/n/10 92 \TU/lmr/m/sl/10 CAPÍTULO 6.  TECNOLOGÍAS PARA EL TRATAMIENDO 
DE DATOS MASIVOS
 []

[92

]
Apéndice A.
[93] [94] [95] [96]
Apéndice B.

Underfull \vbox (badness 10000) has occurred while \output is active []

[97

]
Underfull \vbox (badness 10000) has occurred while \output is active []

[98]
Overfull \vbox (226.59961pt too high) has occurred while \output is active []

[99]
Overfull \hbox (227.25pt too wide) in paragraph at lines 4953--4953
[]\TU/lmtt/m/n/10 ##   ..- attr(*, "variable.labels")= Named chr [1:62] "Public
ation type" "Author" "Book authors" "Editor" ...[] 
 []


Overfull \hbox (211.5pt too wide) in paragraph at lines 4953--4953
[]\TU/lmtt/m/n/10 ##  - attr(*, "variable.labels")= Named chr [1:62] "Publicati
on type" "Author" "Book authors" "Editor" ...[] 
 []


Overfull \hbox (69.75pt too wide) in paragraph at lines 4972--4972
[]\TU/lmtt/m/n/10 ##  [1] "savedrecs01.txt" "savedrecs02.txt" "savedrecs03.txt"
 "savedrecs04.txt"[] 
 []


Overfull \hbox (69.75pt too wide) in paragraph at lines 4972--4972
[]\TU/lmtt/m/n/10 ##  [5] "savedrecs05.txt" "savedrecs06.txt" "savedrecs07.txt"
 "savedrecs08.txt"[] 
 []


Overfull \hbox (69.75pt too wide) in paragraph at lines 4972--4972
[]\TU/lmtt/m/n/10 ##  [9] "savedrecs09.txt" "savedrecs10.txt" "savedrecs11.txt"
 "savedrecs12.txt"[] 
 []

[100]
Underfull \vbox (badness 10000) has occurred while \output is active []

[101] [102]
Underfull \vbox (badness 10000) has occurred while \output is active []

[103]
File: 21-scimetr_files/figure-latex/plotdb-1.pdf Graphic file (type pdf)
<use 21-scimetr_files/figure-latex/plotdb-1.pdf>
File: 21-scimetr_files/figure-latex/plotdb-2.pdf Graphic file (type pdf)
<use 21-scimetr_files/figure-latex/plotdb-2.pdf>
File: 21-scimetr_files/figure-latex/plotdb-3.pdf Graphic file (type pdf)
<use 21-scimetr_files/figure-latex/plotdb-3.pdf>

Underfull \vbox (badness 7814) has occurred while \output is active []

[104]
File: 21-scimetr_files/figure-latex/unnamed-chunk-9-1.pdf Graphic file (type pd
f)
<use 21-scimetr_files/figure-latex/unnamed-chunk-9-1.pdf>
File: 21-scimetr_files/figure-latex/unnamed-chunk-9-2.pdf Graphic file (type pd
f)
<use 21-scimetr_files/figure-latex/unnamed-chunk-9-2.pdf>

Underfull \vbox (badness 10000) has occurred while \output is active []

[105]
File: 21-scimetr_files/figure-latex/unnamed-chunk-9-3.pdf Graphic file (type pd
f)
<use 21-scimetr_files/figure-latex/unnamed-chunk-9-3.pdf>
File: 21-scimetr_files/figure-latex/unnamed-chunk-9-4.pdf Graphic file (type pd
f)
<use 21-scimetr_files/figure-latex/unnamed-chunk-9-4.pdf>

Underfull \vbox (badness 10000) has occurred while \output is active []

[106]
File: 21-scimetr_files/figure-latex/unnamed-chunk-9-5.pdf Graphic file (type pd
f)
<use 21-scimetr_files/figure-latex/unnamed-chunk-9-5.pdf>
File: 21-scimetr_files/figure-latex/unnamed-chunk-9-6.pdf Graphic file (type pd
f)
<use 21-scimetr_files/figure-latex/unnamed-chunk-9-6.pdf>

Underfull \vbox (badness 10000) has occurred while \output is active []

[107]
File: 21-scimetr_files/figure-latex/unnamed-chunk-9-7.pdf Graphic file (type pd
f)
<use 21-scimetr_files/figure-latex/unnamed-chunk-9-7.pdf>
File: 21-scimetr_files/figure-latex/unnamed-chunk-9-8.pdf Graphic file (type pd
f)
<use 21-scimetr_files/figure-latex/unnamed-chunk-9-8.pdf>

Underfull \vbox (badness 10000) has occurred while \output is active []

[108]
File: 21-scimetr_files/figure-latex/unnamed-chunk-9-9.pdf Graphic file (type pd
f)
<use 21-scimetr_files/figure-latex/unnamed-chunk-9-9.pdf>
File: 21-scimetr_files/figure-latex/unnamed-chunk-9-10.pdf Graphic file (type p
df)
<use 21-scimetr_files/figure-latex/unnamed-chunk-9-10.pdf>

Underfull \vbox (badness 10000) has occurred while \output is active []

[109]
File: 21-scimetr_files/figure-latex/unnamed-chunk-10-1.pdf Graphic file (type p
df)
<use 21-scimetr_files/figure-latex/unnamed-chunk-10-1.pdf>
File: 21-scimetr_files/figure-latex/unnamed-chunk-10-2.pdf Graphic file (type p
df)
<use 21-scimetr_files/figure-latex/unnamed-chunk-10-2.pdf>

Underfull \vbox (badness 10000) has occurred while \output is active []

[110]
File: 21-scimetr_files/figure-latex/unnamed-chunk-10-3.pdf Graphic file (type p
df)
<use 21-scimetr_files/figure-latex/unnamed-chunk-10-3.pdf>
File: 21-scimetr_files/figure-latex/unnamed-chunk-10-4.pdf Graphic file (type p
df)
<use 21-scimetr_files/figure-latex/unnamed-chunk-10-4.pdf>

Underfull \vbox (badness 10000) has occurred while \output is active []

[111]
File: 21-scimetr_files/figure-latex/unnamed-chunk-10-5.pdf Graphic file (type p
df)
<use 21-scimetr_files/figure-latex/unnamed-chunk-10-5.pdf>
[112]
Overfull \hbox (90.75pt too wide) in paragraph at lines 5336--5336
[]\TU/lmtt/m/n/10 ##  [1]  10  16  23  33  40  56 128 183 187 196 210 220 269 2
86 295 312 315 332 340[] 
 []

[113]
Overfull \hbox (10.79663pt too wide) in paragraph at lines 5338--5339
[]\TU/lmr/m/n/10 Los índices de documentos se pueden utilizar como filtro p.e. 
en \TU/lmtt/m/n/10 summary.wos.db()\TU/lmr/m/n/10 . 
 []

[114] [115] [116] [117] [118

]
Apéndice C.
[119]
Overfull \hbox (33.0pt too wide) in paragraph at lines 5566--5566
[]\TU/lmtt/m/n/10 ## Warning in lbsConnect(dbfilename): Your Local Bibliometric
 Storage is[] 
 []


Overfull \hbox (64.5pt too wide) in paragraph at lines 5596--5596
[]\TU/lmtt/m/n/10 ## Warning: RSQLite::dbGetInfo() is deprecated: please use in
dividual metadata[] 
 []


Overfull \hbox (143.25pt too wide) in paragraph at lines 5596--5596
[]\TU/lmtt/m/n/10 ##    Perhaps now you may wish to use Scopus_ImportSources(..
.) to import source information.[] 
 []


Overfull \hbox (48.75pt too wide) in paragraph at lines 5620--5620
[]\TU/lmtt/m/n/10 ## Warning in doTryCatch(return(expr), name, parentenv, handl
er): No ASJC @[] 
 []


Overfull \hbox (1.5pt too wide) in paragraph at lines 5620--5620
[]\TU/lmtt/m/n/10 ## Done, 30787 of 30794 records added; 55297 ASJC codes proce
ssed.[] 
 []

[120]
Overfull \hbox (54.0pt too wide) in paragraph at lines 5620--5620
[]\TU/lmtt/m/n/10 ## Note: 7 records omitted @ rows=13847,15526,16606,17371,194
18,24419,29365.[] 
 []


Overfull \hbox (33.0pt too wide) in paragraph at lines 5635--5635
[]\TU/lmtt/m/n/10 ## Error in Scopus_ReadCSV("udc_2015.csv") : Column not found
: []Source[].[] 
 []


Overfull \hbox (143.25pt too wide) in paragraph at lines 5665--5665
[]\TU/lmtt/m/n/10 ## Importing documents and their authors... Importing 1324 au
thors... 1324 new authors added.[] 
 []


Overfull \hbox (64.5pt too wide) in paragraph at lines 5665--5665
[]\TU/lmtt/m/n/10 ## Warning in .lbsImportDocuments_Add_Get_idSource(conn, reco
rd$SourceTitle, :[] 
 []


Overfull \hbox (59.25pt too wide) in paragraph at lines 5665--5665
[]\TU/lmtt/m/n/10 ## no source with sourceTitle=[][]Quaternary Science Reviews[
][] found for record[] 
 []


Overfull \hbox (17.25pt too wide) in paragraph at lines 5665--5665
[]\TU/lmtt/m/n/10 ## Done, 363 of 363 new records added to Default survey/udc_2
015.csv.[] 
 []

[121]
File: 22-CITAN_files/figure-latex/unnamed-chunk-13-1.pdf Graphic file (type pdf
)
<use 22-CITAN_files/figure-latex/unnamed-chunk-13-1.pdf>
File: 22-CITAN_files/figure-latex/unnamed-chunk-13-2.pdf Graphic file (type pdf
)
<use 22-CITAN_files/figure-latex/unnamed-chunk-13-2.pdf>

Underfull \vbox (badness 10000) has occurred while \output is active []

[122]
File: 22-CITAN_files/figure-latex/unnamed-chunk-13-3.pdf Graphic file (type pdf
)
<use 22-CITAN_files/figure-latex/unnamed-chunk-13-3.pdf>
File: 22-CITAN_files/figure-latex/unnamed-chunk-13-4.pdf Graphic file (type pdf
)
<use 22-CITAN_files/figure-latex/unnamed-chunk-13-4.pdf>

Underfull \vbox (badness 4144) has occurred while \output is active []

[123]
File: 22-CITAN_files/figure-latex/unnamed-chunk-13-5.pdf Graphic file (type pdf
)
<use 22-CITAN_files/figure-latex/unnamed-chunk-13-5.pdf>
File: 22-CITAN_files/figure-latex/unnamed-chunk-13-6.pdf Graphic file (type pdf
)
<use 22-CITAN_files/figure-latex/unnamed-chunk-13-6.pdf>

Underfull \vbox (badness 10000) has occurred while \output is active []

[124] [125]
File: 22-CITAN_files/figure-latex/unnamed-chunk-13-7.pdf Graphic file (type pdf
)
<use 22-CITAN_files/figure-latex/unnamed-chunk-13-7.pdf>

Overfull \hbox (6.75pt too wide) in paragraph at lines 5794--5794
[]\TU/lmtt/m/n/10 ##    1    2    3    4    5    6    7    8    9   10   11   1
3   16[] 
 []


Overfull \hbox (6.75pt too wide) in paragraph at lines 5794--5794
[]\TU/lmtt/m/n/10 ## 1000  224   46   18   12    8    6    1    1    2    2    
1    1[] 
 []

[126]
Overfull \hbox (285.0pt too wide) in paragraph at lines 5944--5944
[]\TU/lmtt/m/n/10 ## Title:         Lifetime estimation applying a kinetic mode
l based on the generalized logistic function to biopolymers[] 
 []

[127]
Overfull \hbox (90.75pt too wide) in paragraph at lines 5944--5944
[]\TU/lmtt/m/n/10 ## BibEntry:      Journal of Thermal Analysis and Calorimetry
,2015,122,3,,1203,1212[] 
 []


Overfull \hbox (584.25pt too wide) in paragraph at lines 5944--5944
[]\TU/lmtt/m/n/10 ## Authors:       NAYA S./46/NA, ÁLVAREZ A./518/NA, LÓPEZ-BEC
EIRO J./565/NA, GARCÍA-PARDO S./624/NA, TARRÍO-SAAVEDRA J./631/NA, QUINTANA-PIT
A S./709/NA, GARCÍA-SABÁN F.J./978/NA[] 
 []


Overfull \hbox (90.75pt too wide) in paragraph at lines 5944--5944
[]\TU/lmtt/m/n/10 ## Title:         Bootstrap testing for cross-correlation und
er low firing activity[] 
 []


Overfull \hbox (43.5pt too wide) in paragraph at lines 5944--5944
[]\TU/lmtt/m/n/10 ## BibEntry:      Journal of Computational Neuroscience,2015,
38,3,,577,587[] 
 []


Overfull \hbox (290.25pt too wide) in paragraph at lines 5944--5944
[]\TU/lmtt/m/n/10 ## Authors:       ESPINOSA N./779/NA, MARIÑO J./832/NA, CUDEI
RO J./1096/NA, CAO R./1193/NA, GONZÁLEZ-MONTORO A.M./1294/NA[] 
 []


Overfull \hbox (106.5pt too wide) in paragraph at lines 5944--5944
[]\TU/lmtt/m/n/10 ## Title:         Classification of wood using differential t
hermogravimetric analysis[] 
 []


Overfull \hbox (80.25pt too wide) in paragraph at lines 5944--5944
[]\TU/lmtt/m/n/10 ## BibEntry:      Journal of Thermal Analysis and Calorimetry
,2015,120,1,,541,551[] 
 []


Overfull \hbox (358.5pt too wide) in paragraph at lines 5944--5944
[]\TU/lmtt/m/n/10 ## Authors:       NAYA S./46/NA, LÓPEZ-BECEIRO J./565/NA, TAR
RÍO-SAAVEDRA J./631/NA, FRANCISCO-FERNÁNDEZ M./766/NA, ARTIAGA R./1112/NA[] 
 []

[128]
Apéndice D.

Overfull \hbox (118.95178pt too wide) in alignment at lines 5979--5981
 [] [] 
 []


Overfull \hbox (118.95178pt too wide) in alignment at lines 5981--5983
 [] [] 
 []

File: images/rproject.png Graphic file (type bmp)
<images/rproject.png>
File: images/cran.png Graphic file (type bmp)
<images/cran.png>

Overfull \hbox (118.95178pt too wide) in alignment at lines 5983--5986
 [] [] 
 []


Underfull \vbox (badness 1320) has occurred while \output is active []

[129

]
File: images/R351.png Graphic file (type bmp)
<images/R351.png>

Overfull \hbox (219.19244pt too wide) in alignment at lines 6014--6016
 [] [] 
 []


Overfull \hbox (219.19244pt too wide) in alignment at lines 6016--6018
 [] [] 
 []

File: images/image3.png Graphic file (type bmp)
<images/image3.png>
File: images/image4.png Graphic file (type bmp)
<images/image4.png>
File: images/image5.png Graphic file (type bmp)
<images/image5.png>
File: images/image6.png Graphic file (type bmp)
<images/image6.png>

Overfull \hbox (219.19244pt too wide) in alignment at lines 6018--6021
 [] [] 
 []

[130] [131]
File: images/image7.png Graphic file (type bmp)
<images/image7.png>
[132]
File: images/image8.png Graphic file (type bmp)
<images/image8.png>

Overfull \hbox (40.23001pt too wide) in paragraph at lines 6131--6133
[]\TU/lmr/m/n/10 Para instalarlo descargar el archivo de instalación de []\TU/l
mr/m/it/10 http://rstudio.org/download/desktop[]\TU/lmr/m/n/10 . 
 []


Overfull \hbox (48.81122pt too wide) has occurred while \output is active
\TU/lmr/m/sl/10 D.3.  INSTALACIÓN (OPCIONAL) DE UN ENTORNO O EDITOR DE COMANDOS
 \TU/lmr/m/n/10 133
 []

[133] (Practicas_de_TGD.bbl [134]) [135

] (Practicas_de_TGD.aux)
 ***********
LaTeX2e <2023-11-01> patch level 1
L3 programming layer <2024-03-14>
 ***********
 ) 
Here is how much of TeX's memory you used:
 21495 strings out of 409554
 409894 string characters out of 5771570
 1944148 words of memory out of 5000000
 43286 multiletter control sequences out of 15000+600000
 564648 words of font info for 105 fonts, out of 8000000 for 9000
 1348 hyphenation exceptions out of 8191
 90i,8n,121p,1015b,636s stack positions out of 10000i,1000n,20000p,200000b,200000s

Output written on Practicas_de_TGD.pdf (135 pages).
